\BOOKMARK [0][-]{chapter.1}{\376\377\000I\000n\000t\000r\000o\000d\000u\000c\000t\000i\000o\000n}{}% 1
\BOOKMARK [0][-]{chapter.2}{\376\377\000B\000a\000c\000k\000g\000r\000o\000u\000n\000d\000\040\000a\000n\000d\000\040\000L\000i\000t\000e\000r\000a\000t\000u\000r\000e\000\040\000R\000e\000v\000i\000e\000w}{}% 2
\BOOKMARK [1][-]{section.2.1}{\376\377\000L\000i\000q\000u\000i\000d\000\040\000N\000e\000u\000r\000a\000l\000\040\000N\000e\000t\000w\000o\000r\000k\000s}{chapter.2}% 3
\BOOKMARK [2][-]{subsection.2.1.1}{\376\377\000C\000o\000n\000t\000i\000n\000u\000o\000u\000s\000-\000T\000i\000m\000e\000\040\000D\000y\000n\000a\000m\000i\000c\000a\000l\000\040\000S\000y\000s\000t\000e\000m\000s\000/\000D\000i\000f\000f\000e\000r\000e\000n\000t\000i\000a\000l\000\040\000E\000q\000u\000a\000t\000i\000o\000n\000s}{section.2.1}% 4
\BOOKMARK [2][-]{subsection.2.1.2}{\376\377\000L\000N\000N\000\040\000T\000r\000a\000i\000n\000i\000n\000g}{section.2.1}% 5
\BOOKMARK [2][-]{subsection.2.1.3}{\376\377\000L\000N\000N\000\040\000I\000n\000f\000e\000r\000e\000n\000c\000e}{section.2.1}% 6
\BOOKMARK [2][-]{subsection.2.1.4}{\376\377\000A\000d\000v\000a\000n\000t\000a\000g\000e\000s\000\040\000o\000f\000\040\000L\000N\000N\000s}{section.2.1}% 7
\BOOKMARK [3][-]{subsubsection.2.1.4.1}{\376\377\000T\000e\000m\000p\000o\000r\000a\000l\000\040\000M\000o\000d\000e\000l\000l\000i\000n\000g}{subsection.2.1.4}% 8
\BOOKMARK [3][-]{subsubsection.2.1.4.2}{\376\377\000A\000d\000a\000p\000t\000a\000b\000i\000l\000i\000t\000y}{subsection.2.1.4}% 9
\BOOKMARK [3][-]{subsubsection.2.1.4.3}{\376\377\000E\000f\000f\000i\000c\000i\000e\000n\000c\000y}{subsection.2.1.4}% 10
\BOOKMARK [3][-]{subsubsection.2.1.4.4}{\376\377\000S\000t\000a\000b\000i\000l\000i\000t\000y}{subsection.2.1.4}% 11
\BOOKMARK [1][-]{section.2.2}{\376\377\000N\000e\000u\000r\000a\000l\000\040\000N\000e\000t\000w\000o\000r\000k\000\040\000V\000e\000r\000i\000f\000i\000c\000a\000t\000i\000o\000n}{chapter.2}% 12
\BOOKMARK [2][-]{subsection.2.2.1}{\376\377\000T\000h\000e\000\040\000V\000e\000r\000i\000f\000i\000c\000a\000t\000i\000o\000n\000\040\000P\000r\000o\000b\000l\000e\000m}{section.2.2}% 13
\BOOKMARK [2][-]{subsection.2.2.2}{\376\377\000M\000o\000t\000i\000v\000a\000t\000i\000o\000n}{section.2.2}% 14
\BOOKMARK [2][-]{subsection.2.2.3}{\376\377\000R\000e\000c\000u\000r\000r\000e\000n\000t\000\040\000N\000e\000u\000r\000a\000l\000\040\000N\000e\000t\000w\000o\000r\000k\000s}{section.2.2}% 15
\BOOKMARK [2][-]{subsection.2.2.4}{\376\377\000R\000o\000b\000u\000s\000t\000n\000e\000s\000s\000\040\000V\000e\000r\000i\000f\000i\000c\000a\000t\000i\000o\000n\000\040\000f\000o\000r\000\040\000R\000e\000c\000u\000r\000r\000e\000n\000t\000\040\000N\000e\000u\000r\000a\000l\000\040\000N\000e\000t\000w\000o\000r\000k\000s}{section.2.2}% 16
\BOOKMARK [2][-]{subsection.2.2.5}{\376\377\000S\000y\000m\000b\000o\000l\000i\000c\000\040\000a\000n\000d\000\040\000I\000n\000t\000e\000r\000v\000a\000l\000\040\000P\000r\000o\000p\000a\000g\000a\000t\000i\000o\000n\000\040\000M\000e\000t\000h\000o\000d\000s}{section.2.2}% 17
\BOOKMARK [3][-]{subsubsection.2.2.5.1}{\376\377\000S\000I\000P\000\040\000\050\000S\000y\000m\000b\000o\000l\000i\000c\000\040\000I\000n\000t\000e\000r\000v\000a\000l\000\040\000P\000r\000o\000p\000a\000g\000a\000t\000i\000o\000n\000\051}{subsection.2.2.5}% 18
\BOOKMARK [3][-]{subsubsection.2.2.5.2}{\376\377\000C\000R\000O\000W\000N\000\040\000\050\000C\000e\000r\000t\000i\000f\000i\000e\000d\000\040\000R\000o\000b\000u\000s\000t\000n\000e\000s\000s\000\040\000t\000o\000\040\000W\000e\000i\000g\000h\000t\000\040\000P\000e\000r\000t\000u\000r\000b\000a\000t\000i\000o\000n\000s\000\051}{subsection.2.2.5}% 19
\BOOKMARK [3][-]{subsubsection.2.2.5.3}{\376\377\000L\000i\000p\000s\000c\000h\000i\000t\000z\000-\000B\000a\000s\000e\000d\000\040\000M\000e\000t\000h\000o\000d\000s}{subsection.2.2.5}% 20
\BOOKMARK [0][-]{chapter.3}{\376\377\000L\000i\000q\000u\000i\000d\000\040\000N\000e\000u\000r\000a\000l\000\040\000N\000e\000t\000w\000o\000r\000k\000\040\000D\000e\000s\000i\000g\000n\000\040\000a\000n\000d\000\040\000I\000m\000p\000l\000e\000m\000e\000n\000t\000a\000t\000i\000o\000n}{}% 21
\BOOKMARK [1][-]{section.3.1}{\376\377\000D\000e\000s\000i\000g\000n\000\040\000O\000v\000e\000r\000v\000i\000e\000w}{chapter.3}% 22
\BOOKMARK [1][-]{section.3.2}{\376\377\000W\000i\000r\000i\000n\000g\000\040\000a\000n\000d\000\040\000C\000o\000n\000n\000e\000c\000t\000i\000v\000i\000t\000y}{chapter.3}% 23
\BOOKMARK [1][-]{section.3.3}{\376\377\000L\000T\000C\000\040\000N\000e\000u\000r\000o\000n\000\040\000D\000y\000n\000a\000m\000i\000c\000s}{chapter.3}% 24
\BOOKMARK [1][-]{section.3.4}{\376\377\000N\000e\000t\000w\000o\000r\000k\000\040\000A\000r\000c\000h\000i\000t\000e\000c\000t\000u\000r\000e}{chapter.3}% 25
\BOOKMARK [1][-]{section.3.5}{\376\377\000T\000r\000a\000i\000n\000i\000n\000g\000\040\000C\000o\000n\000f\000i\000g\000u\000r\000a\000t\000i\000o\000n\000\040\000\050\000a\000n\000d\000\040\000d\000a\000t\000a\000s\000e\000t\000\051}{chapter.3}% 26
\BOOKMARK [1][-]{section.3.6}{\376\377\000T\000r\000a\000i\000n\000i\000n\000g\000\040\000B\000e\000h\000a\000v\000i\000o\000u\000r}{chapter.3}% 27
\BOOKMARK [0][-]{chapter.4}{\376\377\000C\000o\000m\000p\000a\000r\000a\000t\000i\000v\000e\000\040\000M\000o\000d\000e\000l\000s}{}% 28
\BOOKMARK [1][-]{section.4.1}{\376\377\000I\000n\000t\000r\000o\000d\000u\000c\000t\000i\000o\000n\000\040\000t\000o\000\040\000B\000a\000s\000e\000l\000i\000n\000e\000\040\000M\000o\000d\000e\000l\000s}{chapter.4}% 29
\BOOKMARK [1][-]{section.4.2}{\376\377\000T\000e\000m\000p\000o\000r\000a\000l\000\040\000C\000o\000n\000v\000o\000l\000u\000t\000i\000o\000n\000a\000l\000\040\000N\000e\000t\000w\000o\000r\000k\000\040\000\050\000T\000C\000N\000\051}{chapter.4}% 30
\BOOKMARK [1][-]{section.4.3}{\376\377\000L\000o\000n\000g\000\040\000S\000h\000o\000r\000t\000-\000T\000e\000r\000m\000\040\000M\000e\000m\000o\000r\000y\000\040\000N\000e\000t\000w\000o\000r\000k\000\040\000\050\000L\000S\000T\000M\000\051}{chapter.4}% 31
\BOOKMARK [1][-]{section.4.4}{\376\377\000T\000r\000a\000n\000s\000f\000o\000r\000m\000e\000r\000\040\000M\000o\000d\000e\000l}{chapter.4}% 32
\BOOKMARK [0][-]{chapter.5}{\376\377\000A\000d\000v\000e\000r\000s\000a\000r\000i\000a\000l\000\040\000A\000t\000t\000a\000c\000k\000\040\000M\000e\000t\000h\000o\000d\000o\000l\000o\000g\000y}{}% 33
\BOOKMARK [1][-]{section.5.1}{\376\377\000I\000n\000t\000r\000o\000d\000u\000c\000t\000i\000o\000n\000\040\000t\000o\000\040\000A\000d\000v\000e\000r\000s\000a\000r\000i\000a\000l\000\040\000A\000t\000t\000a\000c\000k\000s}{chapter.5}% 34
\BOOKMARK [1][-]{section.5.2}{\376\377\000F\000a\000s\000t\000\040\000G\000r\000a\000d\000i\000e\000n\000t\000\040\000S\000i\000g\000n\000\040\000M\000e\000t\000h\000o\000d\000\040\000\050\000F\000G\000S\000M\000\051}{chapter.5}% 35
\BOOKMARK [1][-]{section.5.3}{\376\377\000P\000r\000o\000j\000e\000c\000t\000e\000d\000\040\000G\000r\000a\000d\000i\000e\000n\000t\000\040\000D\000e\000s\000c\000e\000n\000t\000\040\000\050\000P\000G\000D\000\051}{chapter.5}% 36
\BOOKMARK [1][-]{section.5.4}{\376\377\000D\000e\000e\000p\000F\000o\000o\000l\000-\000I\000n\000s\000p\000i\000r\000e\000d\000\040\000D\000i\000r\000e\000c\000t\000i\000o\000n\000a\000l\000\040\000A\000t\000t\000a\000c\000k}{chapter.5}% 37
\BOOKMARK [1][-]{section.5.5}{\376\377\000S\000i\000m\000u\000l\000t\000a\000n\000e\000o\000u\000s\000\040\000P\000e\000r\000t\000u\000r\000b\000a\000t\000i\000o\000n\000\040\000S\000t\000o\000c\000h\000a\000s\000t\000i\000c\000\040\000A\000p\000p\000r\000o\000x\000i\000m\000a\000t\000i\000o\000n\000\040\000\050\000S\000P\000S\000A\000\051}{chapter.5}% 38
\BOOKMARK [1][-]{section.5.6}{\376\377\000T\000i\000m\000e\000-\000W\000a\000r\000p\000i\000n\000g\000\040\000A\000t\000t\000a\000c\000k}{chapter.5}% 39
\BOOKMARK [1][-]{section.5.7}{\376\377\000C\000o\000n\000t\000i\000n\000u\000o\000u\000s\000-\000T\000i\000m\000e\000\040\000P\000e\000r\000t\000u\000r\000b\000a\000t\000i\000o\000n\000\040\000A\000t\000t\000a\000c\000k}{chapter.5}% 40
\BOOKMARK [1][-]{section.5.8}{\376\377\000S\000u\000m\000m\000a\000r\000y\000\040\000o\000f\000\040\000A\000t\000t\000a\000c\000k\000\040\000D\000e\000s\000i\000g\000n\000\040\000a\000n\000d\000\040\000I\000m\000p\000l\000e\000m\000e\000n\000t\000a\000t\000i\000o\000n\000\040\000D\000e\000c\000i\000s\000i\000o\000n\000s}{chapter.5}% 41
\BOOKMARK [2][-]{subsection.5.8.1}{\376\377\000A\000t\000t\000a\000c\000k\000\040\000C\000a\000t\000e\000g\000o\000r\000i\000e\000s\000\040\000a\000n\000d\000\040\000C\000o\000v\000e\000r\000a\000g\000e}{section.5.8}% 42
\BOOKMARK [2][-]{subsection.5.8.2}{\376\377\000I\000m\000p\000l\000e\000m\000e\000n\000t\000a\000t\000i\000o\000n\000\040\000C\000o\000n\000s\000i\000s\000t\000e\000n\000c\000y}{section.5.8}% 43
\BOOKMARK [2][-]{subsection.5.8.3}{\376\377\000D\000e\000s\000i\000g\000n\000\040\000C\000o\000n\000s\000i\000d\000e\000r\000a\000t\000i\000o\000n\000s}{section.5.8}% 44
\BOOKMARK [0][-]{chapter.6}{\376\377\000B\000o\000u\000n\000d\000\040\000C\000e\000r\000t\000i\000f\000i\000c\000a\000t\000i\000o\000n\000\040\000\050\000A\000u\000t\000o\000\040\000L\000i\000r\000p\000a\000\051}{}% 45
\BOOKMARK [0][-]{chapter.7}{\376\377\000E\000v\000a\000l\000u\000a\000t\000i\000o\000n}{}% 46
\BOOKMARK [1][-]{section.7.1}{\376\377\000Q\000u\000a\000n\000t\000i\000t\000a\000t\000i\000v\000e\000\040\000E\000v\000a\000l\000u\000a\000t\000i\000o\000n\000\040\000M\000e\000t\000r\000i\000c\000s\000\040\000a\000n\000d\000\040\000C\000o\000m\000p\000a\000r\000i\000s\000o\000n}{chapter.7}% 47
\BOOKMARK [1][-]{section.7.2}{\376\377\000A\000g\000g\000r\000e\000g\000a\000t\000e\000\040\000R\000e\000s\000u\000l\000t\000s}{chapter.7}% 48
\BOOKMARK [1][-]{section.7.3}{\376\377\000A\000t\000t\000a\000c\000k\000-\000S\000p\000e\000c\000i\000f\000i\000c\000\040\000B\000r\000e\000a\000k\000d\000o\000w\000n\000s}{chapter.7}% 49
\BOOKMARK [1][-]{section.7.4}{\376\377\000Q\000u\000a\000l\000i\000t\000a\000t\000i\000v\000e\000\040\000E\000v\000a\000l\000u\000a\000t\000i\000o\000n\000\040\000a\000n\000d\000\040\000V\000i\000s\000u\000a\000l\000\040\000A\000n\000a\000l\000y\000s\000i\000s}{chapter.7}% 50
\BOOKMARK [1][-]{section.7.5}{\376\377\000C\000o\000m\000p\000a\000r\000a\000t\000i\000v\000e\000\040\000D\000i\000s\000c\000u\000s\000s\000i\000o\000n\000\040\000o\000f\000\040\000M\000o\000d\000e\000l\000\040\000R\000o\000b\000u\000s\000t\000n\000e\000s\000s}{chapter.7}% 51
\BOOKMARK [2][-]{subsection.7.5.1}{\376\377\000S\000u\000m\000m\000a\000r\000y\000\040\000o\000f\000\040\000B\000e\000h\000a\000v\000i\000o\000u\000r\000\040\000U\000n\000d\000e\000r\000\040\000A\000t\000t\000a\000c\000k}{section.7.5}% 52
\BOOKMARK [0][-]{chapter.8}{\376\377\000D\000e\000f\000e\000n\000c\000e\000s\000\040\000a\000n\000d\000\040\000M\000i\000t\000i\000g\000a\000t\000i\000o\000n\000\040\000S\000t\000r\000a\000t\000e\000g\000i\000e\000s}{}% 53
\BOOKMARK [1][-]{section.8.1}{\376\377\000I\000n\000t\000r\000o\000d\000u\000c\000t\000i\000o\000n}{chapter.8}% 54
\BOOKMARK [1][-]{section.8.2}{\376\377\000A\000d\000v\000e\000r\000s\000a\000r\000i\000a\000l\000\040\000T\000r\000a\000i\000n\000i\000n\000g\000\040\000a\000n\000d\000\040\000N\000o\000i\000s\000e\000\040\000I\000n\000j\000e\000c\000t\000i\000o\000n}{chapter.8}% 55
\BOOKMARK [2][-]{subsection.8.2.1}{\376\377\000G\000r\000a\000d\000i\000e\000n\000t\000-\000B\000a\000s\000e\000d\000\040\000A\000d\000v\000e\000r\000s\000a\000r\000i\000a\000l\000\040\000T\000r\000a\000i\000n\000i\000n\000g}{section.8.2}% 56
\BOOKMARK [2][-]{subsection.8.2.2}{\376\377\000N\000o\000i\000s\000e\000\040\000I\000n\000j\000e\000c\000t\000i\000o\000n\000\040\000D\000u\000r\000i\000n\000g\000\040\000T\000r\000a\000i\000n\000i\000n\000g}{section.8.2}% 57
\BOOKMARK [2][-]{subsection.8.2.3}{\376\377\000B\000e\000n\000e\000f\000i\000t\000s\000\040\000a\000n\000d\000\040\000T\000r\000a\000d\000e\000-\000o\000f\000f\000s}{section.8.2}% 58
\BOOKMARK [2][-]{subsection.8.2.4}{\376\377\000C\000o\000n\000s\000i\000d\000e\000r\000a\000t\000i\000o\000n\000s}{section.8.2}% 59
\BOOKMARK [1][-]{section.8.3}{\376\377\000A\000r\000c\000h\000i\000t\000e\000c\000t\000u\000r\000a\000l\000\040\000E\000n\000h\000a\000n\000c\000e\000m\000e\000n\000t\000s\000\040\000f\000o\000r\000\040\000R\000o\000b\000u\000s\000t\000n\000e\000s\000s}{chapter.8}% 60
\BOOKMARK [2][-]{subsection.8.3.1}{\376\377\000M\000e\000m\000o\000r\000y\000\040\000M\000e\000c\000h\000a\000n\000i\000s\000m\000s\000\040\000a\000n\000d\000\040\000T\000e\000m\000p\000o\000r\000a\000l\000\040\000S\000m\000o\000o\000t\000h\000i\000n\000g}{section.8.3}% 61
\BOOKMARK [2][-]{subsection.8.3.2}{\376\377\000R\000e\000c\000e\000p\000t\000i\000v\000e\000\040\000F\000i\000e\000l\000d\000\040\000a\000n\000d\000\040\000F\000e\000a\000t\000u\000r\000e\000\040\000R\000e\000d\000u\000n\000d\000a\000n\000c\000y}{section.8.3}% 62
\BOOKMARK [2][-]{subsection.8.3.3}{\376\377\000S\000t\000a\000b\000i\000l\000i\000t\000y\000\040\000i\000n\000\040\000C\000o\000n\000t\000i\000n\000u\000o\000u\000s\000-\000T\000i\000m\000e\000\040\000M\000o\000d\000e\000l\000s}{section.8.3}% 63
\BOOKMARK [2][-]{subsection.8.3.4}{\376\377\000S\000u\000m\000m\000a\000r\000y}{section.8.3}% 64
\BOOKMARK [1][-]{section.8.4}{\376\377\000I\000n\000p\000u\000t\000\040\000P\000r\000e\000p\000r\000o\000c\000e\000s\000s\000i\000n\000g\000\040\000a\000n\000d\000\040\000T\000e\000m\000p\000o\000r\000a\000l\000\040\000D\000e\000f\000e\000n\000c\000e\000s}{chapter.8}% 65
\BOOKMARK [2][-]{subsection.8.4.1}{\376\377\000L\000o\000w\000-\000P\000a\000s\000s\000\040\000F\000i\000l\000t\000e\000r\000i\000n\000g}{section.8.4}% 66
\BOOKMARK [2][-]{subsection.8.4.2}{\376\377\000I\000n\000t\000e\000r\000p\000o\000l\000a\000t\000i\000o\000n\000\040\000a\000n\000d\000\040\000R\000e\000s\000a\000m\000p\000l\000i\000n\000g\000\040\000D\000e\000f\000e\000n\000c\000e\000s}{section.8.4}% 67
\BOOKMARK [2][-]{subsection.8.4.3}{\376\377\000T\000e\000m\000p\000o\000r\000a\000l\000\040\000Q\000u\000a\000n\000t\000i\000s\000a\000t\000i\000o\000n}{section.8.4}% 68
\BOOKMARK [2][-]{subsection.8.4.4}{\376\377\000T\000r\000a\000d\000e\000-\000o\000f\000f\000s\000\040\000a\000n\000d\000\040\000L\000i\000m\000i\000t\000a\000t\000i\000o\000n\000s}{section.8.4}% 69
\BOOKMARK [2][-]{subsection.8.4.5}{\376\377\000S\000u\000m\000m\000a\000r\000y}{section.8.4}% 70
\BOOKMARK [1][-]{section.8.5}{\376\377\000M\000o\000d\000e\000l\000-\000S\000p\000e\000c\000i\000f\000i\000c\000\040\000M\000i\000t\000i\000g\000a\000t\000i\000o\000n\000\040\000I\000n\000s\000i\000g\000h\000t\000s}{chapter.8}% 71
\BOOKMARK [2][-]{subsection.8.5.1}{\376\377\000L\000S\000T\000M\000:\000\040\000S\000e\000q\000u\000e\000n\000t\000i\000a\000l\000\040\000M\000e\000m\000o\000r\000y\000\040\000V\000u\000l\000n\000e\000r\000a\000b\000i\000l\000i\000t\000i\000e\000s}{section.8.5}% 72
\BOOKMARK [2][-]{subsection.8.5.2}{\376\377\000T\000C\000N\000:\000\040\000L\000o\000c\000a\000l\000i\000s\000e\000d\000\040\000P\000e\000r\000t\000u\000r\000b\000a\000t\000i\000o\000n\000\040\000S\000e\000n\000s\000i\000t\000i\000v\000i\000t\000y}{section.8.5}% 73
\BOOKMARK [2][-]{subsection.8.5.3}{\376\377\000L\000N\000N\000:\000\040\000O\000D\000E\000\040\000S\000e\000n\000s\000i\000t\000i\000v\000i\000t\000y\000\040\000a\000n\000d\000\040\000S\000t\000a\000b\000i\000l\000i\000t\000y\000\040\000M\000a\000n\000a\000g\000e\000m\000e\000n\000t}{section.8.5}% 74
\BOOKMARK [2][-]{subsection.8.5.4}{\376\377\000S\000u\000m\000m\000a\000r\000y\000\040\000T\000a\000b\000l\000e}{section.8.5}% 75
\BOOKMARK [1][-]{section.8.6}{\376\377\000L\000i\000m\000i\000t\000a\000t\000i\000o\000n\000s\000\040\000a\000n\000d\000\040\000F\000u\000t\000u\000r\000e\000\040\000W\000o\000r\000k}{chapter.8}% 76
\BOOKMARK [2][-]{subsection.8.6.1}{\376\377\000L\000i\000m\000i\000t\000a\000t\000i\000o\000n\000s}{section.8.6}% 77
\BOOKMARK [2][-]{subsection.8.6.2}{\376\377\000F\000u\000t\000u\000r\000e\000\040\000W\000o\000r\000k}{section.8.6}% 78
\BOOKMARK [2][-]{subsection.8.6.3}{\376\377\000C\000o\000n\000c\000l\000u\000s\000i\000o\000n}{section.8.6}% 79
\BOOKMARK [0][-]{chapter.9}{\376\377\000C\000o\000n\000c\000l\000u\000s\000i\000o\000n}{}% 80
\BOOKMARK [0][-]{chapter.10}{\376\377\000D\000e\000c\000l\000a\000r\000a\000t\000i\000o\000n}{}% 81
